Arguments: 
  /usr/bin/node /usr/share/yarn/bin/yarn.js add -D babel-plugin-proposal-class-properties

PATH: 
  /usr/local/sbin:/usr/local/bin:/usr/sbin:/usr/bin:/sbin:/bin:/usr/games:/usr/local/games:/snap/bin:/home/mkenya/.yarn/bin:/home/mkenya/.yarn/bin:/opt/yarn-[version]/bin:/opt/yarn-[version]/bin

Yarn version: 
  1.22.5

Node version: 
  10.19.0

Platform: 
  linux x64

Trace: 
  Error: https://registry.yarnpkg.com/babel-plugin-proposal-class-properties: Not found
      at Request.params.callback [as _callback] (/usr/share/yarn/lib/cli.js:66988:18)
      at Request.self.callback (/usr/share/yarn/lib/cli.js:140749:22)
      at Request.emit (events.js:198:13)
      at Request.<anonymous> (/usr/share/yarn/lib/cli.js:141721:10)
      at Request.emit (events.js:198:13)
      at IncomingMessage.<anonymous> (/usr/share/yarn/lib/cli.js:141643:12)
      at Object.onceWrapper (events.js:286:20)
      at IncomingMessage.emit (events.js:203:15)
      at endReadableNT (_stream_readable.js:1145:12)
      at process._tickCallback (internal/process/next_tick.js:63:19)

npm manifest: 
  {
    "name": "phaser3-project-template",
    "version": "1.1.2",
    "description": "A Phaser 3 Project Template",
    "main": "src/index.js",
    "scripts": {
      "build": "webpack",
      "start": "npm run build && webpack-dev-server --port=8000"
    },
    "repository": {
      "type": "git",
      "url": "git+https://github.com/photonstorm/phaser3-project-template.git"
    },
    "author": "Richard Davey <rdavey@gmail.com> (http://www.photonstorm.com)",
    "license": "MIT",
    "licenseUrl": "http://www.opensource.org/licenses/mit-license.php",
    "bugs": {
      "url": "https://github.com/photonstorm/phaser3-project-template/issues"
    },
    "homepage": "https://github.com/photonstorm/phaser3-project-template#readme",
    "devDependencies": {
      "@babel/core": "^7.7.2",
      "@babel/preset-env": "^7.7.1",
      "babel-loader": "^8.0.6",
      "clean-webpack-plugin": "^3.0.0",
      "file-loader": "^4.2.0",
      "html-webpack-plugin": "^3.2.0",
      "phaser": "^3.50.0",
      "raw-loader": "^3.1.0",
      "terser-webpack-plugin": "^2.2.1",
      "webpack": "^4.41.2",
      "webpack-cli": "^3.3.10",
      "webpack-dev-server": "^3.9.0",
      "webpack-merge": "^4.2.2"
    },
    "dependencies": {
      "node-fetch": "^2.6.1",
      "phaser-matter-collision-plugin": "^0.10.2",
      "regenerator-runtime": "^0.13.7"
    }
  }

yarn manifest: 
  No manifest

Lockfile: 
  No lockfile
